  main.cpp
D:\C_projects\Yolo_mark\main.cpp(144,1): warning C4267: 'argument': conversion from 'size_t' to 'int', possible loss of data
D:\C_projects\Yolo_mark\main.cpp(145,1): warning C4267: 'argument': conversion from 'size_t' to 'int', possible loss of data
D:\C_projects\Yolo_mark\main.cpp(151,1): warning C4267: 'argument': conversion from 'size_t' to 'int', possible loss of data
D:\C_projects\Yolo_mark\main.cpp(295,36): warning C4244: 'initializing': conversion from 'double' to 'int', possible loss of data
D:\C_projects\Yolo_mark\main.cpp(295,27): warning C4244: 'initializing': conversion from 'double' to 'const int', possible loss of data
D:\C_projects\Yolo_mark\main.cpp(303,48): warning C4244: '=': conversion from 'unsigned long' to 'float', possible loss of data
D:\C_projects\Yolo_mark\main.cpp(306,112): warning C4267: '=': conversion from 'size_t' to 'int', possible loss of data
D:\C_projects\Yolo_mark\main.cpp(354,88): warning C4267: '=': conversion from 'size_t' to 'int', possible loss of data
D:\C_projects\Yolo_mark\main.cpp(497,77): warning C4267: 'initializing': conversion from 'size_t' to 'int', possible loss of data
D:\C_projects\Yolo_mark\main.cpp(497,77): warning C4267: 'initializing': conversion from 'size_t' to 'const int', possible loss of data
D:\C_projects\Yolo_mark\main.cpp(574,62): warning C4267: 'initializing': conversion from 'size_t' to 'int', possible loss of data
D:\C_projects\Yolo_mark\main.cpp(574,62): warning C4267: 'initializing': conversion from 'size_t' to 'const int', possible loss of data
D:\C_projects\Yolo_mark\main.cpp(649,61): warning C4267: 'initializing': conversion from 'size_t' to 'int', possible loss of data
D:\C_projects\Yolo_mark\main.cpp(649,61): warning C4267: 'initializing': conversion from 'size_t' to 'const int', possible loss of data
D:\C_projects\Yolo_mark\main.cpp(710,40): warning C4244: 'initializing': conversion from 'float' to 'int', possible loss of data
D:\C_projects\Yolo_mark\main.cpp(710,21): warning C4244: 'initializing': conversion from 'float' to 'const int', possible loss of data
D:\C_projects\Yolo_mark\main.cpp(711,40): warning C4244: 'initializing': conversion from 'float' to 'int', possible loss of data
D:\C_projects\Yolo_mark\main.cpp(711,21): warning C4244: 'initializing': conversion from 'float' to 'const int', possible loss of data
D:\C_projects\Yolo_mark\main.cpp(818,40): warning C4267: '=': conversion from 'size_t' to 'int', possible loss of data
  Generating code
  0 of 961 functions ( 0.0%) were compiled, the rest were copied from previous compilation.
    0 functions were new in current compilation
    0 functions had inline decision re-evaluated but remain unchanged
  Finished generating code
  yolo_mark.vcxproj -> D:\C_projects\Yolo_mark\x64\Release\yolo_mark.exe
